<?xml version="1.0" encoding="utf-8"?><testsuites name="pytest tests"><testsuite name="pytest" errors="0" failures="0" skipped="0" tests="106" time="20.874" timestamp="2026-09-12T16:00:48.311392+09:00" hostname="ShuheinoMacBook-Pro.local"><testcase classname="tests.test_core" name="test_invalid_brief[accent-red]" time="0.000" /><testcase classname="tests.test_core" name="test_invalid_brief[product_url-javascript:alert(1)]" time="0.000" /><testcase classname="tests.test_core" name="test_invalid_brief[product_url-https://user:password@example.com]" time="0.000" /><testcase classname="tests.test_core" name="test_invalid_brief[name-]" time="0.000" /><testcase classname="tests.test_core" name="test_evidence_required" time="0.000" /><testcase classname="tests.test_core" name="test_unapproved_features_excluded" time="0.000" /><testcase classname="tests.test_core" name="test_all_unapproved_blocks_build" time="0.000" /><testcase classname="tests.test_core" name="test_build_requires_authorization[options0]" time="0.000" /><testcase classname="tests.test_core" name="test_build_requires_authorization[options1]" time="0.000" /><testcase classname="tests.test_core" name="test_build_requires_authorization[options2]" time="0.000" /><testcase classname="tests.test_core" name="test_build_requires_authorization[options3]" time="0.000" /><testcase classname="tests.test_core" name="test_build_requires_authorization[options4]" time="0.000" /><testcase classname="tests.test_core" name="test_capture_cannot_execute_arbitrary_code" time="0.000" /><testcase classname="tests.test_core" name="test_approval_all_checks[values0]" time="0.000" /><testcase classname="tests.test_core" name="test_approval_all_checks[values1]" time="0.000" /><testcase classname="tests.test_core" name="test_approval_all_checks[values2]" time="0.000" /><testcase classname="tests.test_core" name="test_utm_preserves_query_fragment" time="0.000" /><testcase classname="tests.test_core" name="test_x_preflight_counts_japanese_and_urls" time="0.000" /><testcase classname="tests.test_core" name="test_path_escape[../secret]" time="0.003" /><testcase classname="tests.test_core" name="test_path_escape[../../etc/passwd]" time="0.000" /><testcase classname="tests.test_core" name="test_path_escape[/etc/passwd]" time="0.000" /><testcase classname="tests.test_core" name="test_symlink_escape" time="0.000" /><testcase classname="tests.test_core" name="test_capture_origin_is_explicit" time="0.000" /><testcase classname="tests.test_core" name="test_cloud_metadata_always_blocked" time="0.000" /><testcase classname="tests.test_core" name="test_studio_api_never_capturable" time="0.000" /><testcase classname="tests.test_core" name="test_origin_normalizes_port" time="0.000" /><testcase classname="tests.test_core" name="test_redacts_tokens" time="0.000" /><testcase classname="tests.test_core" name="test_queue_idempotence" time="0.006" /><testcase classname="tests.test_core" name="test_retry_numeric_normalization" time="0.008" /><testcase classname="tests.test_core" name="test_ready_campaign_rejects_an_unmarked_rebuild" time="0.006" /><testcase classname="tests.test_core" name="test_revision_requires_a_finished_campaign" time="0.004" /><testcase classname="tests.test_core" name="test_revision_reuses_options_and_counts_up" time="0.011" /><testcase classname="tests.test_core" name="test_publication_hash_binds_content_account_and_media" time="0.006" /><testcase classname="tests.test_core" name="test_concurrent_publication_claim" time="0.012" /><testcase classname="tests.test_core" name="test_recovery_never_blind_republishes" time="0.008" /><testcase classname="tests.test_core" name="test_budget_and_ticket_resumption" time="0.005" /><testcase classname="tests.test_core" name="test_empty_metrics_are_not_fake_success" time="0.003" /><testcase classname="tests.test_core" name="test_metric_events_not_unique_people" time="0.005" /><testcase classname="tests.test_core" name="test_postiz_upload_then_submit" time="0.002" /><testcase classname="tests.test_core" name="test_postiz_no_automatic_timeout_retry" time="0.001" /><testcase classname="tests.test_core" name="test_postiz_rejects_invalid_upload" time="0.001" /><testcase classname="tests.test_core" name="test_schedule_timezone_normalized" time="0.000" /><testcase classname="tests.test_core" name="test_invalid_schedules[2020-01-01T00:00:00+09:00]" time="0.000" /><testcase classname="tests.test_core" name="test_invalid_schedules[2030-01-01T00:00:00]" time="0.000" /><testcase classname="tests.test_core" name="test_ai_disclosure" time="0.000" /><testcase classname="tests.test_core" name="test_platform_settings_are_required[youtube]" time="0.000" /><testcase classname="tests.test_core" name="test_platform_settings_are_required[instagram]" time="0.000" /><testcase classname="tests.test_core" name="test_platform_settings_are_required[tiktok]" time="0.000" /><testcase classname="tests.test_core" name="test_overlong_x_rejected" time="0.000" /><testcase classname="tests.test_core" name="test_unauthenticated_cannot_read_api" time="0.024" /><testcase classname="tests.test_core" name="test_unicode_wrong_token_is_not_server_error" time="0.010" /><testcase classname="tests.test_core" name="test_session_and_secret_not_exposed" time="0.010" /><testcase classname="tests.test_core" name="test_csrf_rejected" time="0.009" /><testcase classname="tests.test_core" name="test_unknown_host_rejected" time="0.008" /><testcase classname="tests.test_core" name="test_source_escaped_in_generated_html" time="0.001" /><testcase classname="tests.test_core" name="test_sensitive_recordings_not_served" time="0.019" /><testcase classname="tests.test_core" name="test_dry_run_has_no_network" time="0.021" /><testcase classname="tests.test_core" name="test_tampered_media_invalidates_approval" time="0.017" /><testcase classname="tests.test_core" name="test_upload_requires_rights" time="0.014" /><testcase classname="tests.test_core" name="test_fake_video_rejected" time="0.078" /><testcase classname="tests.test_core" name="test_sample_cannot_masquerade_as_real_product" time="0.005" /><testcase classname="tests.test_core" name="test_version_is_single_sourced" time="0.001" /><testcase classname="tests.test_core" name="test_manifest_records_the_running_version" time="0.000" /><testcase classname="tests.test_core" name="test_missing_browser_reports_the_install_command" time="0.001" /><testcase classname="tests.test_core" name="test_unrelated_browser_failure_is_not_masked" time="0.001" /><testcase classname="tests.test_core" name="test_font_resolution_prefers_japanese_coverage" time="0.001" /><testcase classname="tests.test_core" name="test_this_machine_can_render_japanese" time="0.001" /><testcase classname="tests.test_core" name="test_review_gate_accepts_operator_wording" time="0.020" /><testcase classname="tests.test_core" name="test_edited_storyboard_survives_the_next_render" time="0.021" /><testcase classname="tests.test_core" name="test_plan_cannot_be_edited_mid_build" time="0.015" /><testcase classname="tests.test_core" name="test_empty_scene_title_is_refused" time="0.017" /><testcase classname="tests.test_core" name="test_revision_reuses_the_recording_and_counts_up" time="0.021" /><testcase classname="tests.test_core" name="test_revision_requires_a_finished_campaign_over_the_api" time="0.015" /><testcase classname="tests.test_core" name="test_imported_event_track_belongs_to_uploaded_footage" time="0.000" /><testcase classname="tests.test_core" name="test_each_visual_direction_is_a_different_picture" time="0.017" /><testcase classname="tests.test_core" name="test_release_is_a_separate_decision" time="0.019" /><testcase classname="tests.test_core" name="test_unfinished_campaign_cannot_be_released" time="0.014" /><testcase classname="tests.test_core" name="test_submit_requires_a_released_campaign" time="0.020" /><testcase classname="tests.test_core" name="test_variants_on_one_channel_must_be_spaced" time="0.027" /><testcase classname="tests.test_core" name="test_daily_channel_limit_counts_approved_variants" time="0.031" /><testcase classname="tests.test_core" name="test_reconciling_as_published_needs_the_real_post_id" time="0.019" /><testcase classname="tests.test_core" name="test_reconciling_as_absent_restores_a_deliberate_retry" time="0.018" /><testcase classname="tests.test_core" name="test_remote_state_is_read_from_postiz_not_assumed" time="0.018" /><testcase classname="tests.test_core" name="test_candidates_never_decide_for_the_operator" time="0.019" /><testcase classname="tests.test_core" name="test_deployment_preview_describes_exact_bytes" time="0.025" /><testcase classname="tests.test_core" name="test_deploy_refuses_a_stale_approval" time="0.023" /><testcase classname="tests.test_core" name="test_deploy_target_must_not_overlap_studio_data" time="0.015" /><testcase classname="tests.test_core" name="test_deploy_refuses_to_write_through_a_symlink" time="0.014" /><testcase classname="tests.test_core" name="test_conversion_requires_a_valid_signature" time="0.017" /><testcase classname="tests.test_core" name="test_conversion_key_is_campaign_scoped" time="0.020" /><testcase classname="tests.test_core" name="test_repeated_conversion_id_is_counted_once" time="0.021" /><testcase classname="tests.test_core" name="test_conversion_replay_window" time="0.017" /><testcase classname="tests.test_core" name="test_conversion_needs_its_own_id" time="0.015" /><testcase classname="tests.test_core" name="test_store_upgrades_an_existing_database" time="0.006" /><testcase classname="tests.test_providers_and_media" name="test_fal_queue_ticket_resumes_without_new_charge" time="0.008" /><testcase classname="tests.test_providers_and_media" name="test_fal_unknown_submission_does_not_resubmit" time="0.007" /><testcase classname="tests.test_providers_and_media" name="test_fal_rejects_credential_exfiltration_ticket" time="0.003" /><testcase classname="tests.test_providers_and_media" name="test_comfy_workflow_preserves_prompt_escaping" time="0.005" /><testcase classname="tests.test_providers_and_media" name="test_llm_cannot_overwrite_product_claims" time="0.001" /><testcase classname="tests.test_providers_and_media" name="test_paid_generation_default_disabled" time="0.003" /><testcase classname="tests.test_providers_and_media" name="test_browser_webm_without_duration_can_be_uploaded" time="0.169" /><testcase classname="tests.test_providers_and_media" name="test_camera_holds_zoom_instead_of_bouncing_back" time="0.000" /><testcase classname="tests.test_providers_and_media" name="test_camera_transition_has_no_start_jump" time="0.000" /><testcase classname="tests.test_providers_and_media" name="test_camera_ignores_tiny_retarget_jitter" time="0.000" /><testcase classname="tests.test_providers_and_media" name="test_trim_needs_footage_to_exist" time="0.081" /><testcase classname="tests.test_providers_and_media" name="test_trim_shortens_the_proof_section" time="19.571" /></testsuite></testsuites>